<?xml version="1.0" encoding="UTF-8"?>
<robot generator="Robot 4.1.3 (Python 3.10.2 on win32)" generated="20220206 16:26:55.898" rpa="false" schemaversion="2">
<suite id="s1" name="TestSiteAmazon" source="c:\Users\Gaah_\Desktop\Robot-curso\SiteAmazon\tests\TestSiteAmazon.robot">
<test id="s1-t1" name="Caso de teste 01: Login">
<kw name="Abrir navegador" library="ResourceAmazon" type="SETUP">
<kw name="Open Browser" library="SeleniumLibrary">
<arg>${URL}</arg>
<arg>${BROWSER}</arg>
<doc>Opens a new browser instance to the optional ``url``.</doc>
<msg timestamp="20220206 16:26:56.062" level="INFO">Opening browser 'Chrome' to base url 'http://Amazon.com.br'.</msg>
<status status="PASS" starttime="20220206 16:26:56.062" endtime="20220206 16:26:59.589"/>
</kw>
<status status="PASS" starttime="20220206 16:26:56.062" endtime="20220206 16:26:59.589"/>
</kw>
<kw name="Acessar a pagina home do site" library="ResourceAmazon">
<kw name="Title Should Be" library="SeleniumLibrary">
<arg>Amazon.com.br | Compre livros, Kindle, Echo, Fire Tv e mais.</arg>
<doc>Verifies that the current page title equals ``title``.</doc>
<msg timestamp="20220206 16:26:59.595" level="INFO">Page title is 'Amazon.com.br | Compre livros, Kindle, Echo, Fire Tv e mais.'.</msg>
<status status="PASS" starttime="20220206 16:26:59.590" endtime="20220206 16:26:59.595"/>
</kw>
<status status="PASS" starttime="20220206 16:26:59.589" endtime="20220206 16:26:59.596"/>
</kw>
<kw name="Clicar em faça seu login" library="ResourceAmazon">
<kw name="Click Element" library="SeleniumLibrary">
<arg>id=nav-link-accountList-nav-line-1</arg>
<doc>Click the element identified by ``locator``.</doc>
<msg timestamp="20220206 16:26:59.596" level="INFO">Clicking element 'id=nav-link-accountList-nav-line-1'.</msg>
<status status="PASS" starttime="20220206 16:26:59.596" endtime="20220206 16:26:59.824"/>
</kw>
<status status="PASS" starttime="20220206 16:26:59.596" endtime="20220206 16:26:59.824"/>
</kw>
<kw name="Informar email e continuar" library="ResourceAmazon">
<kw name="Wait Until Page Contains Element" library="SeleniumLibrary">
<arg>xpath=//*[@id="ap_email"]</arg>
<doc>Waits until the element ``locator`` appears on the current page.</doc>
<status status="PASS" starttime="20220206 16:26:59.825" endtime="20220206 16:27:00.084"/>
</kw>
<kw name="Input Text" library="SeleniumLibrary">
<arg>id=ap_email</arg>
<arg>${USUARIO.email}</arg>
<doc>Types the given ``text`` into the text field identified by ``locator``.</doc>
<msg timestamp="20220206 16:27:00.085" level="INFO">Typing text 'gaah_aguiar@hotmail.com' into text field 'id=ap_email'.</msg>
<status status="PASS" starttime="20220206 16:27:00.084" endtime="20220206 16:27:00.154"/>
</kw>
<kw name="Click Element" library="SeleniumLibrary">
<arg>id=continue</arg>
<doc>Click the element identified by ``locator``.</doc>
<msg timestamp="20220206 16:27:00.154" level="INFO">Clicking element 'id=continue'.</msg>
<status status="PASS" starttime="20220206 16:27:00.154" endtime="20220206 16:27:00.736"/>
</kw>
<status status="PASS" starttime="20220206 16:26:59.824" endtime="20220206 16:27:00.736"/>
</kw>
<kw name="Informar senha e clicar em fazer login" library="ResourceAmazon">
<kw name="Input Password" library="SeleniumLibrary">
<arg>id=ap_password</arg>
<arg>${USUARIO.senha}</arg>
<doc>Types the given password into the text field identified by ``locator``.</doc>
<msg timestamp="20220206 16:27:00.738" level="INFO">Typing password into text field 'id=ap_password'.</msg>
<msg timestamp="20220206 16:27:00.764" level="INFO">Temporally setting log level to: NONE</msg>
<msg timestamp="20220206 16:27:00.788" level="INFO">Log level changed from NONE to INFO.</msg>
<status status="PASS" starttime="20220206 16:27:00.737" endtime="20220206 16:27:00.788"/>
</kw>
<kw name="Click Button" library="SeleniumLibrary">
<arg>id=signInSubmit</arg>
<doc>Clicks the button identified by ``locator``.</doc>
<msg timestamp="20220206 16:27:00.788" level="INFO">Clicking button 'id=signInSubmit'.</msg>
<status status="PASS" starttime="20220206 16:27:00.788" endtime="20220206 16:27:00.831"/>
</kw>
<status status="PASS" starttime="20220206 16:27:00.737" endtime="20220206 16:27:00.831"/>
</kw>
<kw name="Fechar navegador" library="ResourceAmazon" type="TEARDOWN">
<kw name="Close Browser" library="SeleniumLibrary">
<doc>Closes the current browser.</doc>
<status status="PASS" starttime="20220206 16:27:00.831" endtime="20220206 16:27:02.911"/>
</kw>
<status status="PASS" starttime="20220206 16:27:00.831" endtime="20220206 16:27:02.911"/>
</kw>
<status status="PASS" starttime="20220206 16:26:56.061" endtime="20220206 16:27:02.911"/>
</test>
<status status="PASS" starttime="20220206 16:26:55.900" endtime="20220206 16:27:02.912"/>
</suite>
<statistics>
<total>
<stat pass="1" fail="0" skip="0">All Tests</stat>
</total>
<tag>
</tag>
<suite>
<stat pass="1" fail="0" skip="0" id="s1" name="TestSiteAmazon">TestSiteAmazon</stat>
</suite>
</statistics>
<errors>
</errors>
</robot>
