<?xml version="1.0" encoding="UTF-8"?>
<robot generator="Robot 4.1.3 (Python 3.10.2 on win32)" generated="20220205 20:35:42.896" rpa="false" schemaversion="2">
<suite id="s1" name="SuiteSiteTestePractice" source="C:\Users\Gaah_\Desktop\Robot-curso\SuiteSiteTestePractice">
<suite id="s1-s1" name="Tests" source="C:\Users\Gaah_\Desktop\Robot-curso\SuiteSiteTestePractice\tests">
<suite id="s1-s1-s1" name="TestSitePracticeBDD" source="C:\Users\Gaah_\Desktop\Robot-curso\SuiteSiteTestePractice\tests\TestSitePracticeBDD.robot">
<test id="s1-s1-s1-t1" name="Cenario 01: Pesquisar produto existente">
<kw name="Abrir navegador" type="SETUP">
<kw name="Open Browser" library="SeleniumLibrary">
<arg>${URL}</arg>
<arg>${BROWSER}</arg>
<doc>Opens a new browser instance to the optional ``url``.</doc>
<msg timestamp="20220205 20:35:43.068" level="INFO">Opening browser 'chrome' to base url 'http://automationpractice.com'.</msg>
<status status="PASS" starttime="20220205 20:35:43.068" endtime="20220205 20:35:48.349"/>
</kw>
<status status="PASS" starttime="20220205 20:35:43.068" endtime="20220205 20:35:48.349"/>
</kw>
<kw name="Dado que estou na pagina home do site">
<kw name="Acessar a pagina home do site" library="Resource">
<kw name="Title Should Be" library="SeleniumLibrary">
<arg>My Store</arg>
<doc>Verifies that the current page title equals ``title``.</doc>
<msg timestamp="20220205 20:35:48.355" level="INFO">Page title is 'My Store'.</msg>
<status status="PASS" starttime="20220205 20:35:48.351" endtime="20220205 20:35:48.355"/>
</kw>
<status status="PASS" starttime="20220205 20:35:48.351" endtime="20220205 20:35:48.356"/>
</kw>
<status status="PASS" starttime="20220205 20:35:48.350" endtime="20220205 20:35:48.356"/>
</kw>
<kw name="Quando eu pesquisar pelo produto &quot;Blouse&quot;" sourcename="Quando eu pesquisar pelo produto &quot;${PRODUTO}&quot;">
<kw name="Digitar o nome do produto &quot;${PRODUTO}&quot; no campo de Pesquisar" library="Resource" sourcename="Digitar o nome do produto &quot;${PRODUTO}&quot; no campo de Pesquisar">
<kw name="Input Text" library="SeleniumLibrary">
<arg>id=search_query_top</arg>
<arg>${PRODUTO}</arg>
<doc>Types the given ``text`` into the text field identified by ``locator``.</doc>
<msg timestamp="20220205 20:35:48.358" level="INFO">Typing text 'Blouse' into text field 'id=search_query_top'.</msg>
<status status="PASS" starttime="20220205 20:35:48.357" endtime="20220205 20:35:48.411"/>
</kw>
<status status="PASS" starttime="20220205 20:35:48.357" endtime="20220205 20:35:48.411"/>
</kw>
<kw name="Clicar no botão Pesquisar" library="Resource">
<kw name="Click Button" library="SeleniumLibrary">
<arg>name=submit_search</arg>
<doc>Clicks the button identified by ``locator``.</doc>
<msg timestamp="20220205 20:35:48.412" level="INFO">Clicking button 'name=submit_search'.</msg>
<status status="PASS" starttime="20220205 20:35:48.412" endtime="20220205 20:35:49.851"/>
</kw>
<status status="PASS" starttime="20220205 20:35:48.412" endtime="20220205 20:35:49.852"/>
</kw>
<status status="PASS" starttime="20220205 20:35:48.357" endtime="20220205 20:35:49.852"/>
</kw>
<kw name="Então o produto &quot;Blouse&quot; deve ser listado na pagina de resultado da busca" sourcename="Então o produto &quot;${PRODUTO}&quot; deve ser listado na pagina de resultado da busca">
<kw name="Conferir se o produto &quot;${PRODUTO}&quot; foi listado no site" library="Resource" sourcename="Conferir se o produto &quot;${PRODUTO}&quot; foi listado no site">
<kw name="Wait Until Element Is Visible" library="SeleniumLibrary">
<arg>xpath=//*[@id="center_column"]/h1</arg>
<doc>Waits until the element ``locator`` is visible.</doc>
<status status="PASS" starttime="20220205 20:35:49.854" endtime="20220205 20:35:49.879"/>
</kw>
<kw name="Title Should Be" library="SeleniumLibrary">
<arg>Search - My Store</arg>
<doc>Verifies that the current page title equals ``title``.</doc>
<msg timestamp="20220205 20:35:49.881" level="INFO">Page title is 'Search - My Store'.</msg>
<status status="PASS" starttime="20220205 20:35:49.879" endtime="20220205 20:35:49.882"/>
</kw>
<kw name="Page Should Contain Image" library="SeleniumLibrary">
<arg>xpath=//*[@id="center_column"]//*[@src='http://automationpractice.com/img/p/7/7-home_default.jpg']</arg>
<doc>Verifies image identified by ``locator`` is found from current page.</doc>
<msg timestamp="20220205 20:35:49.891" level="INFO">Current page contains image 'xpath=//*[@id="center_column"]//*[@src='http://automationpractice.com/img/p/7/7-home_default.jpg']'.</msg>
<status status="PASS" starttime="20220205 20:35:49.882" endtime="20220205 20:35:49.891"/>
</kw>
<kw name="Page Should Contain Link" library="SeleniumLibrary">
<arg>xpath=//*[@id="center_column"]/ul/li/div/div[2]/h5/a</arg>
<doc>Verifies link identified by ``locator`` is found from current page.</doc>
<msg timestamp="20220205 20:35:49.901" level="INFO">Current page contains link 'xpath=//*[@id="center_column"]/ul/li/div/div[2]/h5/a'.</msg>
<status status="PASS" starttime="20220205 20:35:49.891" endtime="20220205 20:35:49.901"/>
</kw>
<kw name="Sleep" library="BuiltIn">
<arg>5</arg>
<doc>Pauses the test executed for the given time.</doc>
<msg timestamp="20220205 20:35:54.903" level="INFO">Slept 5 seconds</msg>
<status status="PASS" starttime="20220205 20:35:49.901" endtime="20220205 20:35:54.903"/>
</kw>
<status status="PASS" starttime="20220205 20:35:49.853" endtime="20220205 20:35:54.903"/>
</kw>
<status status="PASS" starttime="20220205 20:35:49.853" endtime="20220205 20:35:54.904"/>
</kw>
<kw name="Fechar navegador" type="TEARDOWN">
<kw name="Close Browser" library="SeleniumLibrary">
<doc>Closes the current browser.</doc>
<status status="PASS" starttime="20220205 20:35:54.905" endtime="20220205 20:35:56.971"/>
</kw>
<status status="PASS" starttime="20220205 20:35:54.905" endtime="20220205 20:35:56.972"/>
</kw>
<status status="PASS" starttime="20220205 20:35:43.067" endtime="20220205 20:35:56.972"/>
</test>
<test id="s1-s1-s1-t2" name="Caso de teste 02: Pesquisar produto não existente">
<kw name="Abrir navegador" type="SETUP">
<kw name="Open Browser" library="SeleniumLibrary">
<arg>${URL}</arg>
<arg>${BROWSER}</arg>
<doc>Opens a new browser instance to the optional ``url``.</doc>
<msg timestamp="20220205 20:35:56.975" level="INFO">Opening browser 'chrome' to base url 'http://automationpractice.com'.</msg>
<status status="PASS" starttime="20220205 20:35:56.975" endtime="20220205 20:36:02.996"/>
</kw>
<status status="PASS" starttime="20220205 20:35:56.974" endtime="20220205 20:36:02.996"/>
</kw>
<kw name="Dado que estou na pagina home do site">
<kw name="Acessar a pagina home do site" library="Resource">
<kw name="Title Should Be" library="SeleniumLibrary">
<arg>My Store</arg>
<doc>Verifies that the current page title equals ``title``.</doc>
<msg timestamp="20220205 20:36:03.001" level="INFO">Page title is 'My Store'.</msg>
<status status="PASS" starttime="20220205 20:36:02.998" endtime="20220205 20:36:03.002"/>
</kw>
<status status="PASS" starttime="20220205 20:36:02.997" endtime="20220205 20:36:03.002"/>
</kw>
<status status="PASS" starttime="20220205 20:36:02.997" endtime="20220205 20:36:03.003"/>
</kw>
<kw name="Quando eu pesquisar pelo produto &quot;itemNãoExistente&quot;" sourcename="Quando eu pesquisar pelo produto &quot;${PRODUTO}&quot;">
<kw name="Digitar o nome do produto &quot;${PRODUTO}&quot; no campo de Pesquisar" library="Resource" sourcename="Digitar o nome do produto &quot;${PRODUTO}&quot; no campo de Pesquisar">
<kw name="Input Text" library="SeleniumLibrary">
<arg>id=search_query_top</arg>
<arg>${PRODUTO}</arg>
<doc>Types the given ``text`` into the text field identified by ``locator``.</doc>
<msg timestamp="20220205 20:36:03.004" level="INFO">Typing text 'itemNãoExistente' into text field 'id=search_query_top'.</msg>
<status status="PASS" starttime="20220205 20:36:03.004" endtime="20220205 20:36:03.062"/>
</kw>
<status status="PASS" starttime="20220205 20:36:03.004" endtime="20220205 20:36:03.062"/>
</kw>
<kw name="Clicar no botão Pesquisar" library="Resource">
<kw name="Click Button" library="SeleniumLibrary">
<arg>name=submit_search</arg>
<doc>Clicks the button identified by ``locator``.</doc>
<msg timestamp="20220205 20:36:03.063" level="INFO">Clicking button 'name=submit_search'.</msg>
<status status="PASS" starttime="20220205 20:36:03.062" endtime="20220205 20:36:04.132"/>
</kw>
<status status="PASS" starttime="20220205 20:36:03.062" endtime="20220205 20:36:04.133"/>
</kw>
<status status="PASS" starttime="20220205 20:36:03.003" endtime="20220205 20:36:04.133"/>
</kw>
<kw name="Então a pagina deve exibir a mensagem &quot;No results were found for your search &quot;itemNãoExistente&quot;&quot;" sourcename="Então a pagina deve exibir a mensagem &quot;${MENSAGEM_ERRO}&quot;">
<kw name="Conferir mensagem de erro &quot;${MENSAGEM_ERRO}&quot;" library="Resource" sourcename="Conferir mensagem de erro &quot;${MENSAGEM_ERRO}&quot;">
<kw name="Wait Until Element Is Visible" library="SeleniumLibrary">
<arg>xpath=//*[@id="center_column"]/p</arg>
<doc>Waits until the element ``locator`` is visible.</doc>
<status status="PASS" starttime="20220205 20:36:04.135" endtime="20220205 20:36:04.151"/>
</kw>
<kw name="Sleep" library="BuiltIn">
<arg>5</arg>
<doc>Pauses the test executed for the given time.</doc>
<msg timestamp="20220205 20:36:09.160" level="INFO">Slept 5 seconds</msg>
<status status="PASS" starttime="20220205 20:36:04.151" endtime="20220205 20:36:09.160"/>
</kw>
<kw name="Element Text Should Be" library="SeleniumLibrary">
<arg>xpath=//*[@id="center_column"]/p</arg>
<arg>${MENSAGEM_ERRO}</arg>
<doc>Verifies that element ``locator`` contains exact the text ``expected``.</doc>
<msg timestamp="20220205 20:36:09.160" level="INFO">Verifying element 'xpath=//*[@id="center_column"]/p' contains exact text 'No results were found for your search "itemNãoExistente"'.</msg>
<status status="PASS" starttime="20220205 20:36:09.160" endtime="20220205 20:36:09.174"/>
</kw>
<status status="PASS" starttime="20220205 20:36:04.134" endtime="20220205 20:36:09.174"/>
</kw>
<status status="PASS" starttime="20220205 20:36:04.134" endtime="20220205 20:36:09.174"/>
</kw>
<kw name="Fechar navegador" type="TEARDOWN">
<kw name="Close Browser" library="SeleniumLibrary">
<doc>Closes the current browser.</doc>
<status status="PASS" starttime="20220205 20:36:09.175" endtime="20220205 20:36:11.247"/>
</kw>
<status status="PASS" starttime="20220205 20:36:09.175" endtime="20220205 20:36:11.247"/>
</kw>
<status status="PASS" starttime="20220205 20:35:56.974" endtime="20220205 20:36:11.248"/>
</test>
<test id="s1-s1-s1-t3" name="Caso de teste 03: Fazer login">
<kw name="Abrir navegador" type="SETUP">
<kw name="Open Browser" library="SeleniumLibrary">
<arg>${URL}</arg>
<arg>${BROWSER}</arg>
<doc>Opens a new browser instance to the optional ``url``.</doc>
<msg timestamp="20220205 20:36:11.250" level="INFO">Opening browser 'chrome' to base url 'http://automationpractice.com'.</msg>
<status status="PASS" starttime="20220205 20:36:11.250" endtime="20220205 20:36:16.424"/>
</kw>
<status status="PASS" starttime="20220205 20:36:11.250" endtime="20220205 20:36:16.425"/>
</kw>
<kw name="Dado que estou na pagina home do site">
<kw name="Acessar a pagina home do site" library="Resource">
<kw name="Title Should Be" library="SeleniumLibrary">
<arg>My Store</arg>
<doc>Verifies that the current page title equals ``title``.</doc>
<msg timestamp="20220205 20:36:16.429" level="INFO">Page title is 'My Store'.</msg>
<status status="PASS" starttime="20220205 20:36:16.426" endtime="20220205 20:36:16.430"/>
</kw>
<status status="PASS" starttime="20220205 20:36:16.426" endtime="20220205 20:36:16.430"/>
</kw>
<status status="PASS" starttime="20220205 20:36:16.425" endtime="20220205 20:36:16.430"/>
</kw>
<kw name="Quando eu clicar em Sign in">
<kw name="Clicar em Sign in" library="Resource">
<kw name="Click Element" library="SeleniumLibrary">
<arg>xpath=//*[@id="header"]/div[2]/div/div/nav/div[1]/a</arg>
<doc>Click the element identified by ``locator``.</doc>
<msg timestamp="20220205 20:36:16.432" level="INFO">Clicking element 'xpath=//*[@id="header"]/div[2]/div/div/nav/div[1]/a'.</msg>
<status status="PASS" starttime="20220205 20:36:16.432" endtime="20220205 20:36:17.909"/>
</kw>
<status status="PASS" starttime="20220205 20:36:16.432" endtime="20220205 20:36:17.909"/>
</kw>
<status status="PASS" starttime="20220205 20:36:16.431" endtime="20220205 20:36:17.909"/>
</kw>
<kw name="Então devo informar email e senha">
<kw name="Digitar email/senha e logar" library="Resource">
<kw name="Wait Until Element Is Visible" library="SeleniumLibrary">
<arg>xpath=//*[@id="login_form"]/h3</arg>
<doc>Waits until the element ``locator`` is visible.</doc>
<status status="PASS" starttime="20220205 20:36:17.910" endtime="20220205 20:36:17.929"/>
</kw>
<kw name="Input Text" library="SeleniumLibrary">
<arg>id=email</arg>
<arg>${EMAIL}</arg>
<doc>Types the given ``text`` into the text field identified by ``locator``.</doc>
<msg timestamp="20220205 20:36:17.930" level="INFO">Typing text 'gaah_aguiar@hotmail.com' into text field 'id=email'.</msg>
<status status="PASS" starttime="20220205 20:36:17.929" endtime="20220205 20:36:17.993"/>
</kw>
<kw name="Input Password" library="SeleniumLibrary">
<arg>id=passwd</arg>
<arg>${SENHA}</arg>
<doc>Types the given password into the text field identified by ``locator``.</doc>
<msg timestamp="20220205 20:36:17.994" level="INFO">Typing password into text field 'id=passwd'.</msg>
<msg timestamp="20220205 20:36:18.019" level="INFO">Temporally setting log level to: NONE</msg>
<msg timestamp="20220205 20:36:18.052" level="INFO">Log level changed from NONE to INFO.</msg>
<status status="PASS" starttime="20220205 20:36:17.993" endtime="20220205 20:36:18.052"/>
</kw>
<kw name="Sleep" library="BuiltIn">
<arg>2</arg>
<doc>Pauses the test executed for the given time.</doc>
<msg timestamp="20220205 20:36:20.069" level="INFO">Slept 2 seconds</msg>
<status status="PASS" starttime="20220205 20:36:18.053" endtime="20220205 20:36:20.069"/>
</kw>
<kw name="Click Button" library="SeleniumLibrary">
<arg>id=SubmitLogin</arg>
<doc>Clicks the button identified by ``locator``.</doc>
<msg timestamp="20220205 20:36:20.070" level="INFO">Clicking button 'id=SubmitLogin'.</msg>
<status status="PASS" starttime="20220205 20:36:20.069" endtime="20220205 20:36:21.337"/>
</kw>
<status status="PASS" starttime="20220205 20:36:17.910" endtime="20220205 20:36:21.338"/>
</kw>
<status status="PASS" starttime="20220205 20:36:17.910" endtime="20220205 20:36:21.338"/>
</kw>
<kw name="Então a pagina deve exibir a mensagem de Sign out">
<kw name="Conferir se esta logado" library="Resource">
<kw name="Wait Until Element Is Visible" library="SeleniumLibrary">
<arg>xpath=//*[@id="header"]/div[2]/div/div/nav/div[2]/a</arg>
<doc>Waits until the element ``locator`` is visible.</doc>
<status status="PASS" starttime="20220205 20:36:21.340" endtime="20220205 20:36:21.357"/>
</kw>
<kw name="Page Should Contain Element" library="SeleniumLibrary">
<arg>xpath=//*[@id="header"]/div[2]/div/div/nav/div[2]/a</arg>
<doc>Verifies that element ``locator`` is found on the current page.</doc>
<msg timestamp="20220205 20:36:21.362" level="INFO">Current page contains element 'xpath=//*[@id="header"]/div[2]/div/div/nav/div[2]/a'.</msg>
<status status="PASS" starttime="20220205 20:36:21.357" endtime="20220205 20:36:21.362"/>
</kw>
<kw name="Sleep" library="BuiltIn">
<arg>5</arg>
<doc>Pauses the test executed for the given time.</doc>
<msg timestamp="20220205 20:36:26.366" level="INFO">Slept 5 seconds</msg>
<status status="PASS" starttime="20220205 20:36:21.363" endtime="20220205 20:36:26.366"/>
</kw>
<status status="PASS" starttime="20220205 20:36:21.339" endtime="20220205 20:36:26.366"/>
</kw>
<status status="PASS" starttime="20220205 20:36:21.339" endtime="20220205 20:36:26.367"/>
</kw>
<kw name="Fechar navegador" type="TEARDOWN">
<kw name="Close Browser" library="SeleniumLibrary">
<doc>Closes the current browser.</doc>
<status status="PASS" starttime="20220205 20:36:26.368" endtime="20220205 20:36:28.437"/>
</kw>
<status status="PASS" starttime="20220205 20:36:26.367" endtime="20220205 20:36:28.437"/>
</kw>
<status status="PASS" starttime="20220205 20:36:11.249" endtime="20220205 20:36:28.438"/>
</test>
<test id="s1-s1-s1-t4" name="Caso de teste 04: Deslogar do site">
<kw name="Abrir navegador" type="SETUP">
<kw name="Open Browser" library="SeleniumLibrary">
<arg>${URL}</arg>
<arg>${BROWSER}</arg>
<doc>Opens a new browser instance to the optional ``url``.</doc>
<msg timestamp="20220205 20:36:28.440" level="INFO">Opening browser 'chrome' to base url 'http://automationpractice.com'.</msg>
<status status="PASS" starttime="20220205 20:36:28.440" endtime="20220205 20:36:33.878"/>
</kw>
<status status="PASS" starttime="20220205 20:36:28.439" endtime="20220205 20:36:33.879"/>
</kw>
<kw name="Dado que estou na pagina home do site">
<kw name="Acessar a pagina home do site" library="Resource">
<kw name="Title Should Be" library="SeleniumLibrary">
<arg>My Store</arg>
<doc>Verifies that the current page title equals ``title``.</doc>
<msg timestamp="20220205 20:36:33.884" level="INFO">Page title is 'My Store'.</msg>
<status status="PASS" starttime="20220205 20:36:33.881" endtime="20220205 20:36:33.885"/>
</kw>
<status status="PASS" starttime="20220205 20:36:33.880" endtime="20220205 20:36:33.885"/>
</kw>
<status status="PASS" starttime="20220205 20:36:33.880" endtime="20220205 20:36:33.885"/>
</kw>
<kw name="Quando eu clicar em Sign in">
<kw name="Clicar em Sign in" library="Resource">
<kw name="Click Element" library="SeleniumLibrary">
<arg>xpath=//*[@id="header"]/div[2]/div/div/nav/div[1]/a</arg>
<doc>Click the element identified by ``locator``.</doc>
<msg timestamp="20220205 20:36:33.888" level="INFO">Clicking element 'xpath=//*[@id="header"]/div[2]/div/div/nav/div[1]/a'.</msg>
<status status="PASS" starttime="20220205 20:36:33.887" endtime="20220205 20:36:35.313"/>
</kw>
<status status="PASS" starttime="20220205 20:36:33.887" endtime="20220205 20:36:35.313"/>
</kw>
<status status="PASS" starttime="20220205 20:36:33.886" endtime="20220205 20:36:35.313"/>
</kw>
<kw name="Então devo informar email e senha">
<kw name="Digitar email/senha e logar" library="Resource">
<kw name="Wait Until Element Is Visible" library="SeleniumLibrary">
<arg>xpath=//*[@id="login_form"]/h3</arg>
<doc>Waits until the element ``locator`` is visible.</doc>
<status status="PASS" starttime="20220205 20:36:35.315" endtime="20220205 20:36:35.332"/>
</kw>
<kw name="Input Text" library="SeleniumLibrary">
<arg>id=email</arg>
<arg>${EMAIL}</arg>
<doc>Types the given ``text`` into the text field identified by ``locator``.</doc>
<msg timestamp="20220205 20:36:35.332" level="INFO">Typing text 'gaah_aguiar@hotmail.com' into text field 'id=email'.</msg>
<status status="PASS" starttime="20220205 20:36:35.332" endtime="20220205 20:36:35.395"/>
</kw>
<kw name="Input Password" library="SeleniumLibrary">
<arg>id=passwd</arg>
<arg>${SENHA}</arg>
<doc>Types the given password into the text field identified by ``locator``.</doc>
<msg timestamp="20220205 20:36:35.396" level="INFO">Typing password into text field 'id=passwd'.</msg>
<msg timestamp="20220205 20:36:35.420" level="INFO">Temporally setting log level to: NONE</msg>
<msg timestamp="20220205 20:36:35.453" level="INFO">Log level changed from NONE to INFO.</msg>
<status status="PASS" starttime="20220205 20:36:35.395" endtime="20220205 20:36:35.453"/>
</kw>
<kw name="Sleep" library="BuiltIn">
<arg>2</arg>
<doc>Pauses the test executed for the given time.</doc>
<msg timestamp="20220205 20:36:37.456" level="INFO">Slept 2 seconds</msg>
<status status="PASS" starttime="20220205 20:36:35.454" endtime="20220205 20:36:37.456"/>
</kw>
<kw name="Click Button" library="SeleniumLibrary">
<arg>id=SubmitLogin</arg>
<doc>Clicks the button identified by ``locator``.</doc>
<msg timestamp="20220205 20:36:37.457" level="INFO">Clicking button 'id=SubmitLogin'.</msg>
<status status="PASS" starttime="20220205 20:36:37.456" endtime="20220205 20:36:38.769"/>
</kw>
<status status="PASS" starttime="20220205 20:36:35.314" endtime="20220205 20:36:38.769"/>
</kw>
<status status="PASS" starttime="20220205 20:36:35.314" endtime="20220205 20:36:38.770"/>
</kw>
<kw name="Então a pagina deve exibir a mensagem de Sign out">
<kw name="Conferir se esta logado" library="Resource">
<kw name="Wait Until Element Is Visible" library="SeleniumLibrary">
<arg>xpath=//*[@id="header"]/div[2]/div/div/nav/div[2]/a</arg>
<doc>Waits until the element ``locator`` is visible.</doc>
<status status="PASS" starttime="20220205 20:36:38.771" endtime="20220205 20:36:38.790"/>
</kw>
<kw name="Page Should Contain Element" library="SeleniumLibrary">
<arg>xpath=//*[@id="header"]/div[2]/div/div/nav/div[2]/a</arg>
<doc>Verifies that element ``locator`` is found on the current page.</doc>
<msg timestamp="20220205 20:36:38.796" level="INFO">Current page contains element 'xpath=//*[@id="header"]/div[2]/div/div/nav/div[2]/a'.</msg>
<status status="PASS" starttime="20220205 20:36:38.790" endtime="20220205 20:36:38.796"/>
</kw>
<kw name="Sleep" library="BuiltIn">
<arg>5</arg>
<doc>Pauses the test executed for the given time.</doc>
<msg timestamp="20220205 20:36:43.797" level="INFO">Slept 5 seconds</msg>
<status status="PASS" starttime="20220205 20:36:38.796" endtime="20220205 20:36:43.797"/>
</kw>
<status status="PASS" starttime="20220205 20:36:38.771" endtime="20220205 20:36:43.797"/>
</kw>
<status status="PASS" starttime="20220205 20:36:38.770" endtime="20220205 20:36:43.797"/>
</kw>
<kw name="Então devo clicar em Sign out">
<kw name="Deslogar do site" library="Resource">
<kw name="Click Element" library="SeleniumLibrary">
<arg>xpath=//*[@id="header"]/div[2]/div/div/nav/div[2]/a</arg>
<doc>Click the element identified by ``locator``.</doc>
<msg timestamp="20220205 20:36:43.799" level="INFO">Clicking element 'xpath=//*[@id="header"]/div[2]/div/div/nav/div[2]/a'.</msg>
<status status="PASS" starttime="20220205 20:36:43.799" endtime="20220205 20:36:45.744"/>
</kw>
<status status="PASS" starttime="20220205 20:36:43.799" endtime="20220205 20:36:45.744"/>
</kw>
<status status="PASS" starttime="20220205 20:36:43.798" endtime="20220205 20:36:45.745"/>
</kw>
<kw name="E conferir se o campo Sign in esta disponivel">
<kw name="Conferir se esta deslogado" library="Resource">
<kw name="Page Should Contain Element" library="SeleniumLibrary">
<arg>xpath=//*[@id="header"]/div[2]/div/div/nav/div[1]/a</arg>
<doc>Verifies that element ``locator`` is found on the current page.</doc>
<msg timestamp="20220205 20:36:45.754" level="INFO">Current page contains element 'xpath=//*[@id="header"]/div[2]/div/div/nav/div[1]/a'.</msg>
<status status="PASS" starttime="20220205 20:36:45.746" endtime="20220205 20:36:45.754"/>
</kw>
<status status="PASS" starttime="20220205 20:36:45.746" endtime="20220205 20:36:45.755"/>
</kw>
<status status="PASS" starttime="20220205 20:36:45.745" endtime="20220205 20:36:45.755"/>
</kw>
<kw name="Fechar navegador" type="TEARDOWN">
<kw name="Close Browser" library="SeleniumLibrary">
<doc>Closes the current browser.</doc>
<status status="PASS" starttime="20220205 20:36:45.756" endtime="20220205 20:36:47.823"/>
</kw>
<status status="PASS" starttime="20220205 20:36:45.756" endtime="20220205 20:36:47.823"/>
</kw>
<status status="PASS" starttime="20220205 20:36:28.439" endtime="20220205 20:36:47.824"/>
</test>
<status status="PASS" starttime="20220205 20:35:42.919" endtime="20220205 20:36:47.826"/>
</suite>
<status status="PASS" starttime="20220205 20:35:42.917" endtime="20220205 20:36:47.828"/>
</suite>
<status status="PASS" starttime="20220205 20:35:42.898" endtime="20220205 20:36:47.831"/>
</suite>
<statistics>
<total>
<stat pass="4" fail="0" skip="0">All Tests</stat>
</total>
<tag>
</tag>
<suite>
<stat pass="4" fail="0" skip="0" id="s1" name="SuiteSiteTestePractice">SuiteSiteTestePractice</stat>
<stat pass="4" fail="0" skip="0" id="s1-s1" name="Tests">SuiteSiteTestePractice.Tests</stat>
<stat pass="4" fail="0" skip="0" id="s1-s1-s1" name="TestSitePracticeBDD">SuiteSiteTestePractice.Tests.TestSitePracticeBDD</stat>
</suite>
</statistics>
<errors>
</errors>
</robot>
